0 info it worked if it ends with ok
1 verbose cli [ '/usr/local/bin/node',
1 verbose cli   '/usr/local/bin/npm',
1 verbose cli   'install',
1 verbose cli   '-g',
1 verbose cli   'grunt-cli' ]
2 info using npm@2.15.9
3 info using node@v4.5.0
4 verbose install initial load of /usr/local/lib/package.json
5 verbose readDependencies loading dependencies from /usr/local/lib/package.json
6 silly cache add args [ 'grunt-cli', null ]
7 verbose cache add spec grunt-cli
8 silly cache add parsed spec Result {
8 silly cache add   raw: 'grunt-cli',
8 silly cache add   scope: null,
8 silly cache add   name: 'grunt-cli',
8 silly cache add   rawSpec: '',
8 silly cache add   spec: 'latest',
8 silly cache add   type: 'tag' }
9 silly addNamed grunt-cli@latest
10 verbose addNamed "latest" is being treated as a dist-tag for grunt-cli
11 info addNameTag [ 'grunt-cli', 'latest' ]
12 silly mapToRegistry name grunt-cli
13 silly mapToRegistry using default registry
14 silly mapToRegistry registry https://registry.npmjs.org/
15 silly mapToRegistry data Result {
15 silly mapToRegistry   raw: 'grunt-cli',
15 silly mapToRegistry   scope: null,
15 silly mapToRegistry   name: 'grunt-cli',
15 silly mapToRegistry   rawSpec: '',
15 silly mapToRegistry   spec: 'latest',
15 silly mapToRegistry   type: 'tag' }
16 silly mapToRegistry uri https://registry.npmjs.org/grunt-cli
17 verbose addNameTag registry:https://registry.npmjs.org/grunt-cli not in flight; fetching
18 verbose request uri https://registry.npmjs.org/grunt-cli
19 verbose request no auth needed
20 info attempt registry request try #1 at 4:05:32 PM
21 verbose request id ee6391a623893ded
22 http request GET https://registry.npmjs.org/grunt-cli
23 http 200 https://registry.npmjs.org/grunt-cli
24 verbose headers { server: 'CouchDB/1.5.0 (Erlang OTP/R16B03)',
24 verbose headers   etag: '"4PB607PXLJ6PBKFYDYGCBSU2Z"',
24 verbose headers   'content-type': 'application/json',
24 verbose headers   'content-encoding': 'gzip',
24 verbose headers   'cache-control': 'max-age=300',
24 verbose headers   'content-length': '6060',
24 verbose headers   'accept-ranges': 'bytes',
24 verbose headers   date: 'Mon, 03 Oct 2016 14:05:33 GMT',
24 verbose headers   via: '1.1 varnish',
24 verbose headers   age: '229',
24 verbose headers   connection: 'keep-alive',
24 verbose headers   'x-served-by': 'cache-fra1231-FRA',
24 verbose headers   'x-cache': 'HIT',
24 verbose headers   'x-cache-hits': '3',
24 verbose headers   'x-timer': 'S1475503533.460357,VS0,VE0',
24 verbose headers   vary: 'Accept-Encoding' }
25 silly get cb [ 200,
25 silly get   { server: 'CouchDB/1.5.0 (Erlang OTP/R16B03)',
25 silly get     etag: '"4PB607PXLJ6PBKFYDYGCBSU2Z"',
25 silly get     'content-type': 'application/json',
25 silly get     'content-encoding': 'gzip',
25 silly get     'cache-control': 'max-age=300',
25 silly get     'content-length': '6060',
25 silly get     'accept-ranges': 'bytes',
25 silly get     date: 'Mon, 03 Oct 2016 14:05:33 GMT',
25 silly get     via: '1.1 varnish',
25 silly get     age: '229',
25 silly get     connection: 'keep-alive',
25 silly get     'x-served-by': 'cache-fra1231-FRA',
25 silly get     'x-cache': 'HIT',
25 silly get     'x-cache-hits': '3',
25 silly get     'x-timer': 'S1475503533.460357,VS0,VE0',
25 silly get     vary: 'Accept-Encoding' } ]
26 verbose get saving grunt-cli to /Users/Jen/.npm/registry.npmjs.org/grunt-cli/.cache.json
27 verbose correctMkdir /Users/Jen/.npm correctMkdir not in flight; initializing
28 silly addNameTag next cb for grunt-cli with tag latest
29 silly addNamed grunt-cli@1.2.0
30 verbose addNamed "1.2.0" is a plain semver version for grunt-cli
31 silly mapToRegistry name grunt-cli
32 silly mapToRegistry using default registry
33 silly mapToRegistry registry https://registry.npmjs.org/
34 silly mapToRegistry data Result {
34 silly mapToRegistry   raw: 'grunt-cli',
34 silly mapToRegistry   scope: null,
34 silly mapToRegistry   name: 'grunt-cli',
34 silly mapToRegistry   rawSpec: '',
34 silly mapToRegistry   spec: 'latest',
34 silly mapToRegistry   type: 'tag' }
35 silly mapToRegistry uri https://registry.npmjs.org/grunt-cli
36 verbose addRemoteTarball https://registry.npmjs.org/grunt-cli/-/grunt-cli-1.2.0.tgz not in flight; adding
37 verbose addRemoteTarball [ 'https://registry.npmjs.org/grunt-cli/-/grunt-cli-1.2.0.tgz',
37 verbose addRemoteTarball   '562b119ebb069ddb464ace2845501be97b35b6a8' ]
38 info retry fetch attempt 1 at 4:05:33 PM
39 info attempt registry request try #1 at 4:05:33 PM
40 http fetch GET https://registry.npmjs.org/grunt-cli/-/grunt-cli-1.2.0.tgz
41 http fetch 200 https://registry.npmjs.org/grunt-cli/-/grunt-cli-1.2.0.tgz
42 silly fetchAndShaCheck shasum 562b119ebb069ddb464ace2845501be97b35b6a8
43 verbose addTmpTarball /var/folders/w9/jhfwvj2d6nvfryybv72q34nc0000gn/T/npm-924-433b04b0/registry.npmjs.org/grunt-cli/-/grunt-cli-1.2.0.tgz not in flight; adding
44 verbose addTmpTarball already have metadata; skipping unpack for grunt-cli@1.2.0
45 verbose correctMkdir /Users/Jen/.npm correctMkdir not in flight; initializing
46 silly cache afterAdd grunt-cli@1.2.0
47 verbose afterAdd /Users/Jen/.npm/grunt-cli/1.2.0/package/package.json not in flight; writing
48 verbose correctMkdir /Users/Jen/.npm correctMkdir not in flight; initializing
49 verbose afterAdd /Users/Jen/.npm/grunt-cli/1.2.0/package/package.json written
50 silly install resolved [ { name: 'grunt-cli',
50 silly install resolved     description: 'The grunt command line interface',
50 silly install resolved     version: '1.2.0',
50 silly install resolved     author:
50 silly install resolved      { name: 'Grunt Development Team',
50 silly install resolved        url: 'http://gruntjs.com/development-team' },
50 silly install resolved     repository:
50 silly install resolved      { type: 'git',
50 silly install resolved        url: 'git+https://github.com/gruntjs/grunt-cli.git' },
50 silly install resolved     license: 'MIT',
50 silly install resolved     engines: { node: '>=0.10.0' },
50 silly install resolved     scripts: { test: 'node bin/grunt test' },
50 silly install resolved     bin: { grunt: 'bin/grunt' },
50 silly install resolved     dependencies:
50 silly install resolved      { 'findup-sync': '~0.3.0',
50 silly install resolved        'grunt-known-options': '~1.1.0',
50 silly install resolved        nopt: '~3.0.6',
50 silly install resolved        resolve: '~1.1.0' },
50 silly install resolved     devDependencies: { grunt: '~0.4.5', 'grunt-contrib-jshint': '~1.0.0' },
50 silly install resolved     files: [ 'bin', 'completion', 'lib' ],
50 silly install resolved     appveyor_id: 'prp6g944b05jsq6d',
50 silly install resolved     contributors: [ [Object], [Object], [Object], [Object] ],
50 silly install resolved     gitHead: 'edd8bd29a72f2f28b63fe2629fcb7b9d9f2feb46',
50 silly install resolved     bugs: { url: 'https://github.com/gruntjs/grunt-cli/issues' },
50 silly install resolved     homepage: 'https://github.com/gruntjs/grunt-cli#readme',
50 silly install resolved     _id: 'grunt-cli@1.2.0',
50 silly install resolved     _shasum: '562b119ebb069ddb464ace2845501be97b35b6a8',
50 silly install resolved     _from: 'grunt-cli@latest',
50 silly install resolved     _npmVersion: '3.8.2',
50 silly install resolved     _nodeVersion: '4.2.3',
50 silly install resolved     _npmUser: { name: 'vladikoff', email: 'vlad@vladikoff.com' },
50 silly install resolved     dist:
50 silly install resolved      { shasum: '562b119ebb069ddb464ace2845501be97b35b6a8',
50 silly install resolved        tarball: 'https://registry.npmjs.org/grunt-cli/-/grunt-cli-1.2.0.tgz' },
50 silly install resolved     maintainers: [ [Object], [Object], [Object], [Object] ],
50 silly install resolved     _npmOperationalInternal:
50 silly install resolved      { host: 'packages-12-west.internal.npmjs.com',
50 silly install resolved        tmp: 'tmp/grunt-cli-1.2.0.tgz_1459558434299_0.8824446983635426' },
50 silly install resolved     directories: {},
50 silly install resolved     _resolved: 'https://registry.npmjs.org/grunt-cli/-/grunt-cli-1.2.0.tgz' } ]
51 info install grunt-cli@1.2.0 into /usr/local/lib
52 info installOne grunt-cli@1.2.0
53 verbose installOne of grunt-cli to /usr/local/lib not in flight; installing
54 verbose correctMkdir /Users/Jen/.npm/_locks correctMkdir not in flight; initializing
55 verbose lock using /Users/Jen/.npm/_locks/grunt-cli-58f484dab06f0a30.lock for /usr/local/lib/node_modules/grunt-cli
56 silly install write writing grunt-cli 1.2.0 to /usr/local/lib/node_modules/grunt-cli
57 verbose unbuild lib/node_modules/grunt-cli
58 silly gentlyRm /usr/local/lib/node_modules/grunt-cli is being purged from base /usr/local
59 verbose gentlyRm don't care about contents; nuking /usr/local/lib/node_modules/grunt-cli
60 verbose tar unpack /Users/Jen/.npm/grunt-cli/1.2.0/package.tgz
61 verbose tar unpacking to /usr/local/lib/node_modules/grunt-cli
62 silly gentlyRm /usr/local/lib/node_modules/grunt-cli is being purged
63 verbose gentlyRm don't care about contents; nuking /usr/local/lib/node_modules/grunt-cli
64 silly gunzTarPerm modes [ '755', '644' ]
65 error tar.unpack untar error /Users/Jen/.npm/grunt-cli/1.2.0/package.tgz
66 verbose unlock done using /Users/Jen/.npm/_locks/grunt-cli-58f484dab06f0a30.lock for /usr/local/lib/node_modules/grunt-cli
67 verbose fstream_path /usr/local/lib/node_modules/grunt-cli
68 verbose fstream_type Directory
69 verbose fstream_class DirWriter
70 verbose stack Error: EACCES: permission denied, mkdir '/usr/local/lib/node_modules/grunt-cli'
70 verbose stack     at Error (native)
71 verbose fstream_stack /usr/local/lib/node_modules/npm/node_modules/fstream/lib/dir-writer.js:35:25
71 verbose fstream_stack /usr/local/lib/node_modules/npm/node_modules/mkdirp/index.js:47:53
71 verbose fstream_stack FSReqWrap.oncomplete (fs.js:82:15)
72 verbose cwd /Users/Jen/nameofapp
73 error Darwin 15.6.0
74 error argv "/usr/local/bin/node" "/usr/local/bin/npm" "install" "-g" "grunt-cli"
75 error node v4.5.0
76 error npm  v2.15.9
77 error path /usr/local/lib/node_modules/grunt-cli
78 error code EACCES
79 error errno -13
80 error syscall mkdir
81 error Error: EACCES: permission denied, mkdir '/usr/local/lib/node_modules/grunt-cli'
81 error     at Error (native)
81 error  { [Error: EACCES: permission denied, mkdir '/usr/local/lib/node_modules/grunt-cli']
81 error   errno: -13,
81 error   code: 'EACCES',
81 error   syscall: 'mkdir',
81 error   path: '/usr/local/lib/node_modules/grunt-cli',
81 error   fstream_type: 'Directory',
81 error   fstream_path: '/usr/local/lib/node_modules/grunt-cli',
81 error   fstream_class: 'DirWriter',
81 error   fstream_stack:
81 error    [ '/usr/local/lib/node_modules/npm/node_modules/fstream/lib/dir-writer.js:35:25',
81 error      '/usr/local/lib/node_modules/npm/node_modules/mkdirp/index.js:47:53',
81 error      'FSReqWrap.oncomplete (fs.js:82:15)' ] }
82 error Please try running this command again as root/Administrator.
83 verbose exit [ -13, true ]
84 verbose unbuild lib/node_modules/grunt-cli
85 silly gentlyRm /usr/local/lib/node_modules/grunt-cli is being purged from base /usr/local
86 verbose gentlyRm don't care about contents; nuking /usr/local/lib/node_modules/grunt-cli
